android/samples/ShareIt/build/outputs/logs/manifest-merger-debug-report.txt
-- Merging decision tree log ---
manifest
ADDED from samples\ShareIt\AndroidManifest.xml:22:1-60:12
	package
		ADDED from samples\ShareIt\AndroidManifest.xml:23:5-34
		INJECTED from samples\ShareIt\AndroidManifest.xml
		INJECTED from samples\ShareIt\AndroidManifest.xml
	xmlns:android
		ADDED from samples\ShareIt\AndroidManifest.xml:22:11-69
uses-permission#android.permission.INTERNET
ADDED from samples\ShareIt\AndroidManifest.xml:25:5-67
	android:name
		ADDED from samples\ShareIt\AndroidManifest.xml:25:22-64
application
ADDED from samples\ShareIt\AndroidManifest.xml:27:5-58:19
MERGED from [com.facebook.android:facebook:4.16.1] AndroidManifest.xml:28:5-38:19
MERGED from [com.android.support:support-v4:23.4.0] AndroidManifest.xml:22:5-20
MERGED from [com.android.support:appcompat-v7:23.4.0] AndroidManifest.xml:25:5-20
MERGED from [com.android.support:animated-vector-drawable:23.4.0] AndroidManifest.xml:7:5-20
MERGED from [com.android.support:support-vector-drawable:23.4.0] AndroidManifest.xml:7:5-20
MERGED from [com.android.support:support-v4:23.4.0] AndroidManifest.xml:22:5-20
MERGED from [com.android.support:support-v4:23.4.0] AndroidManifest.xml:22:5-20
MERGED from [com.android.support:support-vector-drawable:23.4.0] AndroidManifest.xml:7:5-20
MERGED from [com.android.support:support-v4:23.4.0] AndroidManifest.xml:22:5-20
MERGED from [com.android.support:cardview-v7:23.4.0] AndroidManifest.xml:22:5-20
MERGED from [com.android.support:customtabs:23.4.0] AndroidManifest.xml:22:5-20
MERGED from [com.android.support:support-v4:23.4.0] AndroidManifest.xml:22:5-20
MERGED from [com.android.support:appcompat-v7:23.4.0] AndroidManifest.xml:25:5-20
MERGED from [com.android.support:animated-vector-drawable:23.4.0] AndroidManifest.xml:7:5-20
MERGED from [com.android.support:support-vector-drawable:23.4.0] AndroidManifest.xml:7:5-20
MERGED from [com.android.support:support-v4:23.4.0] AndroidManifest.xml:22:5-20
MERGED from [com.android.support:support-v4:23.4.0] AndroidManifest.xml:22:5-20
MERGED from [com.android.support:support-vector-drawable:23.4.0] AndroidManifest.xml:7:5-20
MERGED from [com.android.support:support-v4:23.4.0] AndroidManifest.xml:22:5-20
	android:label
		ADDED from samples\ShareIt\AndroidManifest.xml:31:9-41
	android:allowBackup
		ADDED from samples\ShareIt\AndroidManifest.xml:29:9-35
	android:icon
		ADDED from samples\ShareIt\AndroidManifest.xml:30:9-38
	android:theme
		ADDED from samples\ShareIt\AndroidManifest.xml:32:9-40
	android:name
		ADDED from samples\ShareIt\AndroidManifest.xml:28:9-62
activity#com.example.shareit.MainActivity
ADDED from samples\ShareIt\AndroidManifest.xml:33:9-41:20
	android:label
		ADDED from samples\ShareIt\AndroidManifest.xml:35:13-45
	android:theme
		ADDED from samples\ShareIt\AndroidManifest.xml:36:13-51
	android:name
		ADDED from samples\ShareIt\AndroidManifest.xml:34:13-41
intent-filter#android.intent.action.MAIN+android.intent.category.LAUNCHER
ADDED from samples\ShareIt\AndroidManifest.xml:37:13-40:29
action#android.intent.action.MAIN
ADDED from samples\ShareIt\AndroidManifest.xml:38:17-69
	android:name
		ADDED from samples\ShareIt\AndroidManifest.xml:38:25-66
category#android.intent.category.LAUNCHER
ADDED from samples\ShareIt\AndroidManifest.xml:39:17-77
	android:name
		ADDED from samples\ShareIt\AndroidManifest.xml:39:27-74
activity#com.facebook.CustomTabActivity
ADDED from samples\ShareIt\AndroidManifest.xml:42:9-50:20
MERGED from [com.facebook.android:facebook:4.16.1] AndroidManifest.xml:33:9-36:20
	android:exported
		ADDED from [com.facebook.android:facebook:4.16.1] AndroidManifest.xml:35:13-36
	android:name
		ADDED from samples\ShareIt\AndroidManifest.xml:43:13-58
intent-filter#android.intent.action.VIEW+android.intent.category.BROWSABLE+android.intent.category.DEFAULT
ADDED from samples\ShareIt\AndroidManifest.xml:44:13-49:29
action#android.intent.action.VIEW
ADDED from samples\ShareIt\AndroidManifest.xml:45:17-69
	android:name
		ADDED from samples\ShareIt\AndroidManifest.xml:45:25-66
category#android.intent.category.DEFAULT
ADDED from samples\ShareIt\AndroidManifest.xml:46:17-76
	android:name
		ADDED from samples\ShareIt\AndroidManifest.xml:46:27-73
category#android.intent.category.BROWSABLE
ADDED from samples\ShareIt\AndroidManifest.xml:47:17-78
	android:name
		ADDED from samples\ShareIt\AndroidManifest.xml:47:27-75
data
ADDED from samples\ShareIt\AndroidManifest.xml:48:17-75
	android:scheme
		ADDED from samples\ShareIt\AndroidManifest.xml:48:23-72
meta-data#com.facebook.sdk.ApplicationId
ADDED from samples\ShareIt\AndroidManifest.xml:52:9-54:49
	android:value
		ADDED from samples\ShareIt\AndroidManifest.xml:54:13-46
	android:name
		ADDED from samples\ShareIt\AndroidManifest.xml:53:13-58
meta-data#com.facebook.sdk.ApplicationName
ADDED from samples\ShareIt\AndroidManifest.xml:55:9-57:48
	android:value
		ADDED from samples\ShareIt\AndroidManifest.xml:57:13-45
	android:name
		ADDED from samples\ShareIt\AndroidManifest.xml:56:13-60
uses-sdk
INJECTED from samples\ShareIt\AndroidManifest.xml reason: use-sdk injection requested
MERGED from [com.facebook.android:facebook:4.16.1] AndroidManifest.xml:24:5-26:41
MERGED from [com.android.support:support-v4:23.4.0] AndroidManifest.xml:20:5-43
MERGED from [com.android.support:appcompat-v7:23.4.0] AndroidManifest.xml:21:5-23:78
MERGED from [com.android.support:animated-vector-drawable:23.4.0] AndroidManifest.xml:5:5-44
MERGED from [com.android.support:support-vector-drawable:23.4.0] AndroidManifest.xml:5:5-43
MERGED from [com.android.support:support-v4:23.4.0] AndroidManifest.xml:20:5-43
MERGED from [com.android.support:support-v4:23.4.0] AndroidManifest.xml:20:5-43
MERGED from [com.android.support:support-vector-drawable:23.4.0] AndroidManifest.xml:5:5-43
MERGED from [com.android.support:support-v4:23.4.0] AndroidManifest.xml:20:5-43
MERGED from [com.android.support:cardview-v7:23.4.0] AndroidManifest.xml:20:5-43
MERGED from [com.android.support:customtabs:23.4.0] AndroidManifest.xml:20:5-44
MERGED from [com.android.support:support-v4:23.4.0] AndroidManifest.xml:20:5-43
MERGED from [com.android.support:appcompat-v7:23.4.0] AndroidManifest.xml:21:5-23:78
MERGED from [com.android.support:animated-vector-drawable:23.4.0] AndroidManifest.xml:5:5-44
MERGED from [com.android.support:support-vector-drawable:23.4.0] AndroidManifest.xml:5:5-43
MERGED from [com.android.support:support-v4:23.4.0] AndroidManifest.xml:20:5-43
MERGED from [com.android.support:support-v4:23.4.0] AndroidManifest.xml:20:5-43
MERGED from [com.android.support:support-vector-drawable:23.4.0] AndroidManifest.xml:5:5-43
MERGED from [com.android.support:support-v4:23.4.0] AndroidManifest.xml:20:5-43
	tools:overrideLibrary
		ADDED from [com.android.support:appcompat-v7:23.4.0] AndroidManifest.xml:23:9-75
	android:targetSdkVersion
		INJECTED from samples\ShareIt\AndroidManifest.xml
		INJECTED from samples\ShareIt\AndroidManifest.xml
	android:minSdkVersion
		INJECTED from samples\ShareIt\AndroidManifest.xml
		INJECTED from samples\ShareIt\AndroidManifest.xml
activity#com.facebook.FacebookActivity
ADDED from [com.facebook.android:facebook:4.16.1] AndroidManifest.xml:29:9-32:66
	android:configChanges
		ADDED from [com.facebook.android:facebook:4.16.1] AndroidManifest.xml:31:13-96
	android:theme
		ADDED from [com.facebook.android:facebook:4.16.1] AndroidManifest.xml:32:13-63
	android:name
		ADDED from [com.facebook.android:facebook:4.16.1] AndroidManifest.xml:30:13-57
activity#com.facebook.CustomTabMainActivity
ADDED from [com.facebook.android:facebook:4.16.1] AndroidManifest.xml:37:9-71
	android:name
		ADDED from [com.facebook.android:facebook:4.16.1] AndroidManifest.xml:37:19-68